Using pre-set license
Built from '2020.3/staging' branch; Version is '2020.3.5f1 (8095aa901b9b) revision 8426922'; Using compiler version '192528614'; Build Type 'Release'
OS: 'Windows 10 Pro; OS build 19042.1052; Version 2009; 64bit' Language: 'tr' Physical Memory: 16291 MB
BatchMode: 1, IsHumanControllingUs: 0, StartBugReporterOnCrash: 0, Is64bit: 1, IsPro: 0

 COMMAND LINE ARGUMENTS:
D:\Unity\Hub\Editor\2020.3.5f1\Editor\Unity.exe
-adb2
-batchMode
-noUpm
-name
AssetImportWorker0
-projectPath
C:/Users/Reotek-Mustafa/Desktop/AbdullahCalisma
-logFile
Logs/AssetImportWorker0.log
-srvPort
63272
Successfully changed project path to: C:/Users/Reotek-Mustafa/Desktop/AbdullahCalisma
C:/Users/Reotek-Mustafa/Desktop/AbdullahCalisma
Using Asset Import Pipeline V2.
Refreshing native plugins compatible for Editor in 36.56 ms, found 0 plugins.
Preloading 0 native plugins for Editor in 0.00 ms.
Initialize engine version: 2020.3.5f1 (8095aa901b9b)
[Subsystems] Discovering subsystems at path D:/Unity/Hub/Editor/2020.3.5f1/Editor/Data/Resources/UnitySubsystems
[Subsystems] Discovering subsystems at path C:/Users/Reotek-Mustafa/Desktop/AbdullahCalisma/Assets
GfxDevice: creating device client; threaded=0
Direct3D:
    Version:  Direct3D 11.0 [level 11.0]
    Renderer: NVIDIA GeForce GTX 960M (ID=0x139b)
    Vendor:   
    VRAM:     2010 MB
    Driver:   27.21.14.6627
Initialize mono
Mono path[0] = 'D:/Unity/Hub/Editor/2020.3.5f1/Editor/Data/Managed'
Mono path[1] = 'D:/Unity/Hub/Editor/2020.3.5f1/Editor/Data/MonoBleedingEdge/lib/mono/unityjit'
Mono config path = 'D:/Unity/Hub/Editor/2020.3.5f1/Editor/Data/MonoBleedingEdge/etc'
Using monoOptions --debugger-agent=transport=dt_socket,embedding=1,server=y,suspend=n,address=127.0.0.1:56432
Begin MonoManager ReloadAssembly
Registering precompiled unity dll's ...
Register platform support module: D:/Unity/Hub/Editor/2020.3.5f1/Editor/Data/PlaybackEngines/WindowsStandaloneSupport/UnityEditor.WindowsStandalone.Extensions.dll
Registered in 0.001855 seconds.
Native extension for WindowsStandalone target not found
Refreshing native plugins compatible for Editor in 30.10 ms, found 0 plugins.
Preloading 0 native plugins for Editor in 0.00 ms.
Mono: successfully reloaded assembly
- Completed reload, in  1.768 seconds
Platform modules already initialized, skipping
Registering precompiled user dll's ...
Registered in 0.000867 seconds.
Begin MonoManager ReloadAssembly
Native extension for WindowsStandalone target not found
Refreshing native plugins compatible for Editor in 0.21 ms, found 0 plugins.
Preloading 0 native plugins for Editor in 0.00 ms.
Mono: successfully reloaded assembly
- Completed reload, in  1.070 seconds
Platform modules already initialized, skipping
========================================================================
Worker process is ready to serve import requests
Launched and connected shader compiler UnityShaderCompiler.exe after 0.06 seconds
Refreshing native plugins compatible for Editor in 0.36 ms, found 0 plugins.
Preloading 0 native plugins for Editor in 0.00 ms.
Unloading 1120 Unused Serialized files (Serialized files now loaded: 0)
System memory in use before: 57.6 MB.
System memory in use after: 57.6 MB.

Unloading 10 unused Assets to reduce memory usage. Loaded Objects now: 1564.
Total: 2.947100 ms (FindLiveObjects: 0.416300 ms CreateObjectMapping: 0.127500 ms MarkObjects: 2.299000 ms  DeleteObjects: 0.102100 ms)

========================================================================
Received Import Request.
  path: Assets/Scripts/InventoryManager.cs
  artifactKey: Guid(4f06ef3f8e71e5e4e87ffde49e9cb8c5) Importer(815301076,1909f56bfc062723c751e8b465ee728b)
Start importing Assets/Scripts/InventoryManager.cs using Guid(4f06ef3f8e71e5e4e87ffde49e9cb8c5) Importer(815301076,1909f56bfc062723c751e8b465ee728b)  -> (artifact id: 'eb03233bb29fcebb42ee94f7419e579c') in 0.168711 seconds
  Import took 0.171723 seconds .

========================================================================
Received Import Request.
  Time since last request: 2.912185 seconds.
  path: Assets/Scripts/Nesneolustur.cs
  artifactKey: Guid(f4d6b59fb035bea479dcf8be7f70d4db) Importer(815301076,1909f56bfc062723c751e8b465ee728b)
Start importing Assets/Scripts/Nesneolustur.cs using Guid(f4d6b59fb035bea479dcf8be7f70d4db) Importer(815301076,1909f56bfc062723c751e8b465ee728b)  -> (artifact id: '620db8c118102bf3ca3b5fab1f1ea45f') in 0.013476 seconds
  Import took 0.018208 seconds .

========================================================================
Received Import Request.
  Time since last request: 5.061810 seconds.
  path: Assets/Scripts/Slot.cs
  artifactKey: Guid(e243795a765faf94b87419fc4dec4706) Importer(815301076,1909f56bfc062723c751e8b465ee728b)
Start importing Assets/Scripts/Slot.cs using Guid(e243795a765faf94b87419fc4dec4706) Importer(815301076,1909f56bfc062723c751e8b465ee728b)  -> (artifact id: 'fd63853501d215adf77b47aa6bfd90c6') in 0.018025 seconds
  Import took 0.020876 seconds .

========================================================================
Received Import Request.
  Time since last request: 0.003848 seconds.
  path: Assets/Scripts/Slot.cs
  artifactKey: Guid(e243795a765faf94b87419fc4dec4706) Importer(815301076,1909f56bfc062723c751e8b465ee728b)
Start importing Assets/Scripts/Slot.cs using Guid(e243795a765faf94b87419fc4dec4706) Importer(815301076,1909f56bfc062723c751e8b465ee728b)  -> (artifact id: 'fd63853501d215adf77b47aa6bfd90c6') in 0.003707 seconds
  Import took 0.006395 seconds .

AssetImportWorkerClient::OnTransportError - code=2 error=End of file
